WARNING:EDK:878 - Could not find IP doc
   http://www.xilinx.com/cgi-bin/docs/ipdoc?c=axi_interconnect;v=v1_06_a;d=ds768
   _axi_interconnect.pdf
WARNING:EDK:878 - Could not find IP doc
   http://www.xilinx.com/cgi-bin/docs/ipdoc?c=axi_interconnect;v=v1_06_a;d=ds768
   _axi_interconnect.pdf
WARNING:EDK:878 - Could not find IP doc
   http://www.xilinx.com/cgi-bin/docs/ipdoc?c=axi_spi;v=v1_02_a;d=axi_spi_ds742.
   pdf
Generated Block Diagram.
Rasterizing processing_system7_0.jpg.....
Rasterizing axi_adc_1c_0.jpg.....
Rasterizing axi_interconnect_1.jpg.....
Rasterizing axi_dma_0.jpg.....
Rasterizing axi_interconnect_2.jpg.....
Rasterizing axi_spi_0.jpg.....
Rasterizing util_spi_3w_0.jpg.....
Rasterizing init_dma_0.jpg.....
Rasterizing system_blkd.jpg.....
Report generated.
Report generation completed.
