17:40:54.566 INFO  - Processing command line option -hwspec /home/vladimir/cf_ad9467_zed/SDK/SDK_Export/hw/system.xml. 
17:43:22.317 INFO  - Saving repository preferences. 
17:43:22.318 INFO  - Reading in cores from global repositories: 
		 /home/vladimir/cf_ad9467_zed 
17:43:22.332 INFO  - Updating libgen.options on all BSP projects. 
17:43:22.332 INFO  - Cleaning BSP projects in the workspace. 
17:43:31.920 INFO  - 'device-tree' is a board support package for an OS for which applications cannot be developed within SDK. 
17:43:31.921 INFO  - You can configure and build project 'device-tree_bsp_0' within SDK at will, but have to export it into the appropriate third party environment to develop applications. 
17:43:32.322 WARN  - Unable to determine location of documentation for OS device-tree. 
10:15:57.128 INFO  - Invoking Bootgen:  
10:15:57.683 INFO  - Bootgen command execution is done. 
11:28:44.448 INFO  - Specified output file already exists 
11:28:46.209 INFO  - Invoking Bootgen:  
11:28:46.734 INFO  - Bootgen command execution is done. 
12:00:21.968 INFO  - Specified output file already exists 
12:00:23.119 INFO  - Invoking Bootgen:  
12:00:23.635 INFO  - Bootgen command execution is done. 
12:15:18.329 INFO  - Specified output file already exists 
12:15:19.498 INFO  - Invoking Bootgen:  
12:15:20.009 INFO  - Bootgen command execution is done. 
14:54:16.634 INFO  - Specified output file already exists 
14:54:17.934 INFO  - Invoking Bootgen:  
14:54:18.455 INFO  - Bootgen command execution is done. 
11:20:09.450 INFO  - Specified output file already exists 
11:20:10.537 INFO  - Invoking Bootgen:  
11:20:11.086 INFO  - Bootgen command execution is done. 
12:43:48.524 INFO  - Specified output file already exists 
12:43:49.834 INFO  - Invoking Bootgen:  
12:43:50.351 INFO  - Bootgen command execution is done. 
12:44:24.185 INFO  - Specified output file already exists 
12:44:25.149 INFO  - Invoking Bootgen:  
12:44:25.660 INFO  - Bootgen command execution is done. 
12:53:23.661 INFO  - Processing command line option -hwspec /home/vladimir/cf_ad9467_zed/SDK/SDK_Export/hw/system.xml. 
12:53:24.019 INFO  - The hardware specification for project 'cf_ad9467_zed_hw_platform' is different from /home/vladimir/cf_ad9467_zed/SDK/SDK_Export/hw/system.xml. 
12:53:24.480 INFO  - Copied contents of /home/vladimir/cf_ad9467_zed/SDK/SDK_Export/hw/system.xml into /cf_ad9467_zed_hw_platform/system.xml. 
12:53:24.485 INFO  - Copied contents of /home/vladimir/cf_ad9467_zed/SDK/SDK_Export/hw/system.bit into /cf_ad9467_zed_hw_platform/system.bit. 
12:53:24.489 INFO  - Copied contents of /home/vladimir/cf_ad9467_zed/SDK/SDK_Export/hw/ps7_init.c into /cf_ad9467_zed_hw_platform/ps7_init.c. 
12:53:24.489 INFO  - Copied contents of /home/vladimir/cf_ad9467_zed/SDK/SDK_Export/hw/ps7_init.h into /cf_ad9467_zed_hw_platform/ps7_init.h. 
12:53:24.491 INFO  - Copied contents of /home/vladimir/cf_ad9467_zed/SDK/SDK_Export/hw/ps7_init.html into /cf_ad9467_zed_hw_platform/ps7_init.html. 
12:53:24.491 INFO  - Copied contents of /home/vladimir/cf_ad9467_zed/SDK/SDK_Export/hw/ps7_init.tcl into /cf_ad9467_zed_hw_platform/ps7_init.tcl. 
12:53:24.737 INFO  - Synchronizing projects in the workspace with the hardware platform specification changes. 
12:53:30.287 INFO  - Updating hardware inferred compiler options for fsbl. 
12:53:30.307 INFO  - Clearing existing target manager status. 
12:53:45.929 INFO  - Copied contents of /home/vladimir/cf_ad9467_zed/SDK/SDK_Export/cf_ad9467_zed_hw_platform/ps7_init.c into /fsbl/src/ps7_init.c. 
12:53:45.932 INFO  - Copied contents of /home/vladimir/cf_ad9467_zed/SDK/SDK_Export/cf_ad9467_zed_hw_platform/ps7_init.h into /fsbl/src/ps7_init.h. 
12:53:45.958 INFO  - Copied contents of /home/vladimir/cf_ad9467_zed/SDK/SDK_Export/cf_ad9467_zed_hw_platform/ps7_init.html into /fsbl/src/ps7_init.html. 
12:53:45.959 INFO  - Copied contents of /home/vladimir/cf_ad9467_zed/SDK/SDK_Export/cf_ad9467_zed_hw_platform/ps7_init.tcl into /fsbl/src/ps7_init.tcl. 
12:53:45.985 INFO  - Closing and re-opening the MSS file of ther project device-tree_bsp_0 
12:53:47.525 WARN  - Unable to determine location of documentation for OS device-tree. 
13:04:02.738 INFO  - Specified output file already exists 
13:04:04.221 INFO  - Invoking Bootgen:  
13:04:04.733 INFO  - Bootgen command execution is done. 
14:02:08.758 INFO  - Project cf_ad9467_zed_hw_platform's source hardware specification located at /home/vladimir/cf_ad9467_zed/SDK/SDK_Export/hw/system.xml is now different from the local copy.
		 The local copy will be replaced with the source specification and your workspace will be updated. 
14:02:14.214 INFO  - Copied contents of /home/vladimir/cf_ad9467_zed/SDK/SDK_Export/hw/system.xml into /cf_ad9467_zed_hw_platform/system.xml. 
14:02:14.230 INFO  - Copied contents of /home/vladimir/cf_ad9467_zed/SDK/SDK_Export/hw/system.bit into /cf_ad9467_zed_hw_platform/system.bit. 
14:02:14.235 INFO  - Copied contents of /home/vladimir/cf_ad9467_zed/SDK/SDK_Export/hw/ps7_init.c into /cf_ad9467_zed_hw_platform/ps7_init.c. 
14:02:14.236 INFO  - Copied contents of /home/vladimir/cf_ad9467_zed/SDK/SDK_Export/hw/ps7_init.h into /cf_ad9467_zed_hw_platform/ps7_init.h. 
14:02:14.238 INFO  - Copied contents of /home/vladimir/cf_ad9467_zed/SDK/SDK_Export/hw/ps7_init.html into /cf_ad9467_zed_hw_platform/ps7_init.html. 
14:02:14.240 INFO  - Copied contents of /home/vladimir/cf_ad9467_zed/SDK/SDK_Export/hw/ps7_init.tcl into /cf_ad9467_zed_hw_platform/ps7_init.tcl. 
14:02:14.681 INFO  - Synchronizing projects in the workspace with the hardware platform specification changes. 
14:02:32.440 INFO  - Updating hardware inferred compiler options for fsbl. 
14:02:32.454 INFO  - Clearing existing target manager status. 
14:02:32.665 INFO  - Copied contents of /home/vladimir/cf_ad9467_zed/SDK/SDK_Export/cf_ad9467_zed_hw_platform/ps7_init.c into /fsbl/src/ps7_init.c. 
14:02:32.668 INFO  - Copied contents of /home/vladimir/cf_ad9467_zed/SDK/SDK_Export/cf_ad9467_zed_hw_platform/ps7_init.h into /fsbl/src/ps7_init.h. 
14:02:32.676 INFO  - Copied contents of /home/vladimir/cf_ad9467_zed/SDK/SDK_Export/cf_ad9467_zed_hw_platform/ps7_init.html into /fsbl/src/ps7_init.html. 
14:02:32.685 INFO  - Copied contents of /home/vladimir/cf_ad9467_zed/SDK/SDK_Export/cf_ad9467_zed_hw_platform/ps7_init.tcl into /fsbl/src/ps7_init.tcl. 
14:03:17.143 INFO  - Specified output file already exists 
14:03:18.936 INFO  - Invoking Bootgen:  
14:03:19.452 INFO  - Bootgen command execution is done. 
17:34:03.344 INFO  - FPGA configured successfully with bitstream "/home/vladimir/cf_ad9467_zed/SDK/SDK_Export/cf_ad9467_zed_hw_platform/system.bit" 
17:42:59.689 INFO  - FPGA configured successfully with bitstream "/home/vladimir/SDK_Workspace/hw/system.bit" 
17:44:53.719 INFO  - FPGA configured successfully with bitstream "/home/vladimir/cf_ad9467_zed/SDK/SDK_Export/hw/system.bit" 
16:28:06.846 ERROR - Unexpected error while parsing XMD response ￿: com.google.gson.JsonSyntaxException: com.google.gson.stream.MalformedJsonException: invalid number or unquoted string near  
11:33:10.970 INFO  - Processing command line option -hwspec /home/vladimir/cf_ad9467_zed/SDK/SDK_Export/hw/system.xml. 
09:25:42.617 INFO  - Processing command line option -hwspec /home/vladimir/cf_ad9467_zed/SDK/SDK_Export/hw/system.xml. 
09:25:42.807 INFO  - The hardware specification for project 'cf_ad9467_zed_hw_platform' is different from /home/vladimir/cf_ad9467_zed/SDK/SDK_Export/hw/system.xml. 
09:25:43.052 INFO  - Copied contents of /home/vladimir/cf_ad9467_zed/SDK/SDK_Export/hw/system.xml into /cf_ad9467_zed_hw_platform/system.xml. 
09:25:43.059 INFO  - Copied contents of /home/vladimir/cf_ad9467_zed/SDK/SDK_Export/hw/system.bit into /cf_ad9467_zed_hw_platform/system.bit. 
09:25:43.062 INFO  - Copied contents of /home/vladimir/cf_ad9467_zed/SDK/SDK_Export/hw/ps7_init.c into /cf_ad9467_zed_hw_platform/ps7_init.c. 
09:25:43.063 INFO  - Copied contents of /home/vladimir/cf_ad9467_zed/SDK/SDK_Export/hw/ps7_init.h into /cf_ad9467_zed_hw_platform/ps7_init.h. 
09:25:43.064 INFO  - Copied contents of /home/vladimir/cf_ad9467_zed/SDK/SDK_Export/hw/ps7_init.html into /cf_ad9467_zed_hw_platform/ps7_init.html. 
09:25:43.065 INFO  - Copied contents of /home/vladimir/cf_ad9467_zed/SDK/SDK_Export/hw/ps7_init.tcl into /cf_ad9467_zed_hw_platform/ps7_init.tcl. 
09:25:43.398 INFO  - Synchronizing projects in the workspace with the hardware platform specification changes. 
09:25:47.376 INFO  - Updating hardware inferred compiler options for fsbl. 
09:25:47.454 INFO  - Clearing existing target manager status. 
09:26:00.992 INFO  - Copied contents of /home/vladimir/cf_ad9467_zed/SDK/SDK_Export/cf_ad9467_zed_hw_platform/ps7_init.c into /fsbl/src/ps7_init.c. 
09:26:00.994 INFO  - Copied contents of /home/vladimir/cf_ad9467_zed/SDK/SDK_Export/cf_ad9467_zed_hw_platform/ps7_init.h into /fsbl/src/ps7_init.h. 
09:26:01.012 INFO  - Copied contents of /home/vladimir/cf_ad9467_zed/SDK/SDK_Export/cf_ad9467_zed_hw_platform/ps7_init.html into /fsbl/src/ps7_init.html. 
09:26:01.013 INFO  - Copied contents of /home/vladimir/cf_ad9467_zed/SDK/SDK_Export/cf_ad9467_zed_hw_platform/ps7_init.tcl into /fsbl/src/ps7_init.tcl. 
09:26:01.017 INFO  - Closing and re-opening the MSS file of ther project device-tree_bsp_0 
09:26:02.656 WARN  - Unable to determine location of documentation for OS device-tree. 
09:26:52.152 INFO  - Specified output file already exists 
09:26:53.265 INFO  - Invoking Bootgen:  
09:26:53.785 INFO  - Bootgen command execution is done. 
12:22:41.363 ERROR - Unexpected error while parsing XMD response ￿: com.google.gson.JsonSyntaxException: com.google.gson.stream.MalformedJsonException: invalid number or unquoted string near  
12:23:25.207 INFO  - Processing command line option -hwspec /home/vladimir/cf_ad9467_zed/SDK/SDK_Export/hw/system.xml. 
12:23:47.853 INFO  - Specified output file already exists 
12:23:48.995 INFO  - Invoking Bootgen:  
12:23:49.533 INFO  - Bootgen command execution is done. 
09:30:52.691 INFO  - Processing command line option -hwspec /home/vladimir/cf_ad9467_zed/SDK/SDK_Export/hw/system.xml. 
09:31:23.774 INFO  - Processing command line option -hwspec /home/vladimir/cf_ad9467_zed/SDK/SDK_Export/hw/system.xml. 
09:31:51.058 INFO  - Specified output file already exists 
09:31:51.975 INFO  - Invoking Bootgen:  
09:31:52.511 INFO  - Bootgen command execution is done. 
10:20:25.676 INFO  - Processing command line option -hwspec /home/vladimir/cf_ad9467_zed/SDK/SDK_Export/hw/system.xml. 
10:22:38.689 INFO  - Specified output file already exists 
10:22:39.932 INFO  - Invoking Bootgen:  
10:22:40.462 INFO  - Bootgen command execution is done. 
12:04:30.993 INFO  - Processing command line option -hwspec /home/vladimir/cf_ad9467_zed/SDK/SDK_Export/hw/system.xml. 
12:04:52.994 INFO  - Specified output file already exists 
12:04:53.816 INFO  - Invoking Bootgen:  
12:04:54.338 INFO  - Bootgen command execution is done. 
12:49:37.781 INFO  - Processing command line option -hwspec /home/vladimir/cf_ad9467_zed/SDK/SDK_Export/hw/system.xml. 
12:49:54.226 INFO  - Specified output file already exists 
12:49:55.065 INFO  - Invoking Bootgen:  
12:49:55.601 INFO  - Bootgen command execution is done. 
13:26:00.915 INFO  - Processing command line option -hwspec /home/vladimir/cf_ad9467_zed/SDK/SDK_Export/hw/system.xml. 
13:26:17.772 INFO  - Specified output file already exists 
13:26:18.691 INFO  - Invoking Bootgen:  
13:26:19.225 INFO  - Bootgen command execution is done. 
14:04:47.360 INFO  - Processing command line option -hwspec /home/vladimir/cf_ad9467_zed/SDK/SDK_Export/hw/system.xml. 
14:05:03.628 INFO  - Specified output file already exists 
14:05:04.767 INFO  - Invoking Bootgen:  
14:05:05.285 INFO  - Bootgen command execution is done. 
14:49:20.868 INFO  - Processing command line option -hwspec /home/vladimir/cf_ad9467_zed/SDK/SDK_Export/hw/system.xml. 
14:49:38.555 INFO  - Specified output file already exists 
14:49:39.824 INFO  - Invoking Bootgen:  
14:49:40.365 INFO  - Bootgen command execution is done. 
15:37:38.646 INFO  - Processing command line option -hwspec /home/vladimir/cf_ad9467_zed/SDK/SDK_Export/hw/system.xml. 
15:37:51.946 INFO  - Specified output file already exists 
15:37:52.909 INFO  - Invoking Bootgen:  
15:37:53.449 INFO  - Bootgen command execution is done. 
15:38:03.889 INFO  - Specified output file already exists 
15:38:04.754 INFO  - Invoking Bootgen:  
15:38:05.281 INFO  - Bootgen command execution is done. 
16:05:45.582 INFO  - Processing command line option -hwspec /home/vladimir/cf_ad9467_zed/SDK/SDK_Export/hw/system.xml. 
10:39:25.879 INFO  - Processing command line option -hwspec /home/vladimir/cf_ad9467_zed/SDK/SDK_Export/hw/system.xml. 
10:39:42.924 INFO  - Specified output file already exists 
10:39:43.802 INFO  - Invoking Bootgen:  
10:39:44.333 INFO  - Bootgen command execution is done. 
